Arguments: 
  C:\Program Files\nodejs\node.exe C:\Program Files (x86)\Yarn\bin\yarn.js

PATH: 
  C:\ProgramData\Oracle\Java\javapath;C:\windows\system32;C:\windows;C:\windows\System32\Wbem;C:\windows\System32\WindowsPowerShell\v1.0\;C:\Program Files (x86)\Lenovo\Password Manager\;C:\Program Files\Git\cmd;C:\Program Files\dotnet\;C:\Program Files\nodejs\;C:\Program Files (x86)\nodejs\;C:\Program Files (x86)\Yarn\bin;C:\ProgramData\chocolatey\bin;C:\Ruby24-x64\bin;C:\Program Files\Microsoft VS Code\bin;C:\Users\mutasemh\AppData\Roaming\Dashlane\4.9.0.38517\bin\Firefox_Extension\{442718d9-475e-452a-b3e1-fb1ee16b8e9f}\components;C:\Users\mutasemh\AppData\Roaming\Dashlane\4.9.0.38517\ucrt;C:\Users\mutasemh\AppData\Roaming\npm;C:\Users\mutasemh\AppData\Local\Yarn\bin

Yarn version: 
  1.3.2

Node version: 
  8.9.1

Platform: 
  win32 x64

npm manifest: 
  {
    "name": "generator-frontend-webpack",
    "version": "1.0.0",
    "description": "generator for frontend apps built on webpack",
    "main": "index.js",
    "scripts": {
      "prestart": "npm rebuild node-sass",
      "start": "webpack-dev-server --inline --content-base dist/ --open",
      "eslint": "./node_modules/.bin/eslint src/*.js",
      "accessibility": "node ./dev/accessibility-validation.js",
      "htmllint": "node ./dev/html-validator.js",
      "sasslint": "node ./node_modules/sass-lint/bin/sass-lint.js -v -q",
      "test": "npm run buildapp && karma start && npm run eslint && npm run accessibility && npm run htmllint && npm run sasslint",
      "build": "rm -rf dist/ && webpack -p",
      "buildapp": "webpack -p",
      "start:dev": "webpack-dev-server",
      "sassdoc": "node ./dev/sassdoc.js",
      "docsserver": "npm run sassdoc && webpack-dev-server --port 8010 --config webpack.docs.config.js --content-base ./docs/ --open"
    },
    "keywords": [
      "frontend",
      "webpack"
    ],
    "author": "Marcin Kwiatkowski",
    "license": "ISC",
    "devDependencies": {
      "@babel/core": "^7.0.0-beta.32",
      "@babel/preset-env": "^7.0.0-beta.32",
      "access-sniff": "^3.0.1",
      "autoprefixer": "^6.7.7",
      "babel-core": "^6.23.1",
      "babel-eslint": "^7.1.1",
      "babel-loader": "^6.4.0",
      "babel-preset-es2015": "^6.24.1",
      "css-loader": "^0.26.4",
      "cssnano": "^3.10.0",
      "eslint": "^3.18.0",
      "extract-loader": "^0.1.0",
      "extract-text-webpack-plugin": "^2.0.0-beta.4",
      "file-loader": "^0.10.1",
      "filehound": "^1.16.0",
      "html-loader": "^0.4.5",
      "html-validator": "^2.2.0",
      "html-webpack-plugin": "^2.30.1",
      "jasmine-core": "^2.5.2",
      "karma": "^1.5.0",
      "karma-jasmine": "^1.1.0",
      "karma-phantomjs-launcher": "^1.0.4",
      "karma-sourcemap-loader": "^0.3.7",
      "karma-webpack": "^2.0.3",
      "postcss-loader": "^1.3.3",
      "rimraf": "^2.6.2",
      "sass-lint": "^1.10.2",
      "sass-loader": "^6.0.3",
      "sassdoc": "^2.2.2",
      "node-sass": "^4.7.2",
      "style-loader": "^0.13.2",
      "url-loader": "^0.5.8",
      "webpack": "^2.2.1",
      "webpack-dev-server": "^2.0.0-beta"
    },
    "dependencies": {}
  }

yarn manifest: 
  No manifest

Lockfile: 
  No lockfile

Trace: 
  Error: EPERM: operation not permitted, unlink 'Q:\mutasemh\Desktop\bridge-to-europe\node_modules\node-sass\vendor\win32-x64-57\binding.node'
